

Microchip MPLAB XC8 Assembler V2.10 build 88905656 
                                                                                               Fri Feb 26 22:02:44 2021

Microchip MPLAB XC8 C Compiler v2.10 (Free license) build 20190730164152 Og1 
     1                           	processor	18F45K20
     2                           	fnconf	rparam,??,?,0
     3                           	opt	pw 120
     4                           	opt	flic
     5                           	psect	idataCOMRAM,global,class=CODE,delta=1,noexec
     6                           	psect	cinit,global,reloc=2,class=CODE,delta=1
     7                           	psect	bssCOMRAM,global,class=COMRAM,space=1,delta=1,noexec
     8                           	psect	dataCOMRAM,global,class=COMRAM,space=1,delta=1,noexec
     9                           	psect	cstackCOMRAM,global,class=COMRAM,space=1,delta=1,noexec
    10                           	psect	text0,global,reloc=2,class=CODE,delta=1
    11                           	psect	text1,global,reloc=2,class=CODE,delta=1
    12                           	psect	text2,global,reloc=2,class=CODE,delta=1
    13                           	psect	text3,global,reloc=2,class=CODE,delta=1
    14                           	psect	text4,global,reloc=2,class=CODE,delta=1
    15                           	psect	text5,global,reloc=2,class=CODE,delta=1
    16                           	psect	text6,global,reloc=2,class=CODE,delta=1
    17                           	psect	text7,global,reloc=2,class=CODE,delta=1
    18                           	psect	text8,global,reloc=2,class=CODE,delta=1
    19                           	psect	text9,global,reloc=2,class=CODE,delta=1,inline
    20                           	psect	text10,global,reloc=2,class=CODE,delta=1
    21                           	psect	intcode,global,reloc=2,class=CODE,delta=1
    22                           	psect	text12,global,reloc=2,class=CODE,delta=1
    23                           	psect	text13,global,reloc=2,class=CODE,delta=1,inline
    24                           	psect	intsave_regs,global,class=BIGRAM,space=1,delta=1,noexec
    25                           	psect	rparam,global,class=COMRAM,space=1,delta=1,noexec
    26                           	psect	temp,global,ovrld,common,class=COMRAM,space=1,delta=1
    27  0000                     
    28                           ; Version 2.10
    29                           ; Generated 31/07/2019 GMT
    30                           ; 
    31                           ; Copyright © 2019, Microchip Technology Inc. and its subsidiaries ("Microchip")
    32                           ; All rights reserved.
    33                           ; 
    34                           ; This software is developed by Microchip Technology Inc. and its subsidiaries ("Microch
      +                          ip").
    35                           ; 
    36                           ; Redistribution and use in source and binary forms, with or without modification, are
    37                           ; permitted provided that the following conditions are met:
    38                           ; 
    39                           ;     1. Redistributions of source code must retain the above copyright notice, this lis
      +                          t of
    40                           ;        conditions and the following disclaimer.
    41                           ; 
    42                           ;     2. Redistributions in binary form must reproduce the above copyright notice, this 
      +                          list
    43                           ;        of conditions and the following disclaimer in the documentation and/or other
    44                           ;        materials provided with the distribution.
    45                           ; 
    46                           ;     3. Microchip's name may not be used to endorse or promote products derived from th
      +                          is
    47                           ;        software without specific prior written permission.
    48                           ; 
    49                           ; THIS SOFTWARE IS PROVIDED BY MICROCHIP "AS IS" AND ANY EXPRESS OR IMPLIED WARRANTIES,
    50                           ; INCLUDING, BUT NOT LIMITED TO, THE IMPLIED WARRANTIES OF MERCHANTABILITY AND FITNESS F
      +                          OR
    51                           ; PURPOSE ARE DISCLAIMED.  IN NO EVENT SHALL MICROCHIP BE LIABLE FOR ANY DIRECT, INDIREC
      +                          T,
    52                           ; INCIDENTAL, SPECIAL, EXEMPLARY, OR CONSEQUENTIAL DAMAGES (INCLUDING BUT NOT LIMITED TO
    53                           ; PROCUREMENT OF SUBSTITUTE GOODS OR SERVICES; LOSS OF USE, DATA OR PROFITS; OR BUSINESS
    54                           ; INTERRUPTION) HOWSOEVER CAUSED AND ON ANY THEORY OF LIABILITY, WHETHER IN CONTRACT, ST
      +                          RICT
    55                           ; LIABILITY, OR TORT (INCLUDING NEGLIGENCE OR OTHERWISE) ARISING IN ANY WAY OUT OF THE U
      +                          SE OF
    56                           ; THIS SOFTWARE, EVEN IF ADVISED OF THE POSSIBILITY OF SUCH DAMAGE.
    57                           ; 
    58                           ; 
    59                           ; Code-generator required, PIC18F45K20 Definitions
    60                           ; 
    61                           ; SFR Addresses
    62  0000                     
    63                           	psect	idataCOMRAM
    64  0002BE                     __pidataCOMRAM:
    65                           	opt callstack 0
    66                           
    67                           ;initializer for _astInputs
    68  0002BE  82                 	db	130
    69  0002BF  0F                 	db	15
    70  0002C0  01                 	db	1
    71                           
    72                           ;initializer for _astOutputs
    73  0002C1  8B                 	db	139
    74  0002C2  0F                 	db	15
    75  0002C3  00                 	db	0
    76  0002C4  8B                 	db	139
    77  0002C5  0F                 	db	15
    78  0002C6  05                 	db	5
    79  0002C7  8B                 	db	139
    80  0002C8  0F                 	db	15
    81  0002C9  06                 	db	6
    82  0002CA  8A                 	db	138
    83  0002CB  0F                 	db	15
    84  0002CC  02                 	db	2
    85  0002CD  8A                 	db	138
    86  0002CE  0F                 	db	15
    87  0002CF  03                 	db	3
    88  0002D0  8A                 	db	138
    89  0002D1  0F                 	db	15
    90  0002D2  04                 	db	4
    91  0000                     _T3CONbits	set	4017
    92  0000                     _T0CONbits	set	4053
    93  0000                     _INTCONbits	set	4082
    94  0000                     _TMR3L	set	4018
    95  0000                     _TMR3H	set	4019
    96  0000                     _TMR0L	set	4054
    97  0000                     _TMR0H	set	4055
    98  0000                     _T3CON	set	4017
    99  0000                     _OSCCON	set	4051
   100  0000                     _T0CON	set	4053
   101  0000                     _TRISBbits	set	3987
   102  0000                     _TRISCbits	set	3988
   103  0000                     _LATB	set	3978
   104  0000                     _LATC	set	3979
   105  0000                     _PORTC	set	3970
   106  0000                     _TMR3IF	set	32009
   107  0000                     _TMR0IF	set	32658
   108                           
   109                           ; #config settings
   110  0000                     
   111                           	psect	cinit
   112  00026E                     __pcinit:
   113                           	opt callstack 0
   114  00026E                     start_initialization:
   115                           	opt callstack 0
   116  00026E                     __initialization:
   117                           	opt callstack 0
   118                           
   119                           ; Initialize objects allocated to COMRAM (21 bytes)
   120                           ; load TBLPTR registers with __pidataCOMRAM
   121  00026E  0EBE               	movlw	low __pidataCOMRAM
   122  000270  6EF6               	movwf	tblptrl,c
   123  000272  0E02               	movlw	high __pidataCOMRAM
   124  000274  6EF7               	movwf	tblptrh,c
   125  000276  0E00               	movlw	low (__pidataCOMRAM shr (0+16))
   126  000278  6EF8               	movwf	tblptru,c
   127  00027A  EE00  F001         	lfsr	0,__pdataCOMRAM
   128  00027E  EE10 F015          	lfsr	1,21
   129  000282                     copy_data0:
   130  000282  0009               	tblrd		*+
   131  000284  CFF5 FFEE          	movff	tablat,postinc0
   132  000288  50E5               	movf	postdec1,w,c
   133  00028A  50E1               	movf	fsr1l,w,c
   134  00028C  E1FA               	bnz	copy_data0
   135                           
   136                           ; Clear objects allocated to COMRAM (14 bytes)
   137  00028E  EE00  F016         	lfsr	0,__pbssCOMRAM
   138  000292  0E0E               	movlw	14
   139  000294                     clear_0:
   140  000294  6AEE               	clrf	postinc0,c
   141  000296  06E8               	decf	wreg,f,c
   142  000298  E1FD               	bnz	clear_0
   143  00029A                     end_of_initialization:
   144                           	opt callstack 0
   145  00029A                     __end_of__initialization:
   146                           	opt callstack 0
   147  00029A  9032               	bcf	int$flags,0,c	;clear compiler interrupt flag (level 1)
   148  00029C  9232               	bcf	int$flags,1,c	;clear compiler interrupt flag (level 2)
   149  00029E  0100               	movlb	0
   150  0002A0  EF6A  F001         	goto	_main	;jump to C main() function
   151                           
   152                           	psect	bssCOMRAM
   153  000016                     __pbssCOMRAM:
   154                           	opt callstack 0
   155  000016                     _gLED_word:
   156                           	opt callstack 0
   157  000016                     	ds	4
   158  00001A                     heartbeat@uwStartTime:
   159                           	opt callstack 0
   160  00001A                     	ds	2
   161  00001C                     testing@nbFirst:
   162                           	opt callstack 0
   163  00001C                     	ds	1
   164  00001D                     testing@ucLocalTicks:
   165                           	opt callstack 0
   166  00001D                     	ds	1
   167  00001E                     testing@b:
   168                           	opt callstack 0
   169  00001E                     	ds	1
   170  00001F                     heartbeat@ucOverFlow:
   171                           	opt callstack 0
   172  00001F                     	ds	1
   173  000020                     heartbeat@nbFirst:
   174                           	opt callstack 0
   175  000020                     	ds	1
   176  000021                     _gucTestBit:
   177                           	opt callstack 0
   178  000021                     	ds	1
   179  000022                     _guc_3_Tick:
   180                           	opt callstack 0
   181  000022                     	ds	1
   182  000023                     _gbTick:
   183                           	opt callstack 0
   184  000023                     	ds	1
   185                           
   186                           	psect	dataCOMRAM
   187  000001                     __pdataCOMRAM:
   188                           	opt callstack 0
   189  000001                     _astInputs:
   190                           	opt callstack 0
   191  000001                     	ds	3
   192  000004                     _astOutputs:
   193                           	opt callstack 0
   194  000004                     	ds	18
   195                           
   196                           	psect	cstackCOMRAM
   197  000024                     __pcstackCOMRAM:
   198                           	opt callstack 0
   199  000024                     ?_get_Time:
   200                           	opt callstack 0
   201  000024                     set_IO@IO:
   202                           	opt callstack 0
   203  000024                     get_IO@IO:
   204                           	opt callstack 0
   205                           
   206                           ; 2 bytes @ 0x0
   207  000024                     	ds	2
   208  000026                     ??_get_Time:
   209  000026                     set_IO@item:
   210                           	opt callstack 0
   211  000026                     get_IO@item:
   212                           	opt callstack 0
   213                           
   214                           ; 1 bytes @ 0x2
   215  000026                     	ds	1
   216  000027                     ??_get_IO:
   217  000027                     set_IO@bValue:
   218                           	opt callstack 0
   219                           
   220                           ; 1 bytes @ 0x3
   221  000027                     	ds	1
   222  000028                     ??_set_IO:
   223  000028                     bTimeUp@StartTime:
   224                           	opt callstack 0
   225                           
   226                           ; 2 bytes @ 0x4
   227  000028                     	ds	2
   228  00002A                     bTimeUp@Period:
   229                           	opt callstack 0
   230                           
   231                           ; 2 bytes @ 0x6
   232  00002A                     	ds	2
   233  00002C                     ??_bTimeUp:
   234                           
   235                           ; 1 bytes @ 0x8
   236  00002C                     	ds	1
   237  00002D                     set_IO@ucLocal:
   238                           	opt callstack 0
   239                           
   240                           ; 2 bytes @ 0x9
   241  00002D                     	ds	1
   242  00002E                     bTimeUp@b:
   243                           	opt callstack 0
   244                           
   245                           ; 1 bytes @ 0xA
   246  00002E                     	ds	1
   247  00002F                     bTimeUp@CurrentTime:
   248                           	opt callstack 0
   249                           
   250                           ; 2 bytes @ 0xB
   251  00002F                     	ds	2
   252  000031                     heartbeat@bHeartState:
   253                           	opt callstack 0
   254                           
   255                           ; 1 bytes @ 0xD
   256  000031                     	ds	1
   257  000032                     
   258                           ; 1 bytes @ 0xE
   259 ;;
   260 ;;Main: autosize = 0, tempsize = 0, incstack = 0, save=0
   261 ;;
   262 ;; *************** function _main *****************
   263 ;; Defined at:
   264 ;;		line 47 in file "main.c"
   265 ;; Parameters:    Size  Location     Type
   266 ;;		None
   267 ;; Auto vars:     Size  Location     Type
   268 ;;		None
   269 ;; Return value:  Size  Location     Type
   270 ;;                  1    wreg      void 
   271 ;; Registers used:
   272 ;;		wreg, fsr2l, fsr2h, status,2, status,0, prodl, prodh, cstack
   273 ;; Tracked objects:
   274 ;;		On entry : 0/0
   275 ;;		On exit  : 0/0
   276 ;;		Unchanged: 0/0
   277 ;; Data sizes:     COMRAM   BANK0   BANK1   BANK2   BANK3   BANK4   BANK5
   278 ;;      Params:         0       0       0       0       0       0       0
   279 ;;      Locals:         0       0       0       0       0       0       0
   280 ;;      Temps:          0       0       0       0       0       0       0
   281 ;;      Totals:         0       0       0       0       0       0       0
   282 ;;Total ram usage:        0 bytes
   283 ;; Hardware stack levels required when called:    5
   284 ;; This function calls:
   285 ;;		_clr_LEDs
   286 ;;		_heartbeat
   287 ;;		_setup
   288 ;; This function is called by:
   289 ;;		Startup code after reset
   290 ;; This function uses a non-reentrant model
   291 ;;
   292                           
   293                           	psect	text0
   294  0002D4                     __ptext0:
   295                           	opt callstack 0
   296  0002D4                     _main:
   297                           	opt callstack 26
   298  0002D4                     
   299                           ;main.c: 49:     setup();
   300  0002D4  EC52  F001         	call	_setup	;wreg free
   301  0002D8                     
   302                           ;main.c: 50:     clr_LEDs();
   303  0002D8  EC95  F001         	call	_clr_LEDs	;wreg free
   304  0002DC                     l981:
   305                           
   306                           ;main.c: 59:     {;main.c: 60:         heartbeat();
   307  0002DC  EC82  F000         	call	_heartbeat	;wreg free
   308  0002E0  EF6E  F001         	goto	l981
   309  0002E4  EF1E  F000         	goto	start
   310  0002E8                     __end_of_main:
   311                           	opt callstack 0
   312                           
   313 ;; *************** function _setup *****************
   314 ;; Defined at:
   315 ;;		line 139 in file "setup.c"
   316 ;; Parameters:    Size  Location     Type
   317 ;;		None
   318 ;; Auto vars:     Size  Location     Type
   319 ;;		None
   320 ;; Return value:  Size  Location     Type
   321 ;;                  1    wreg      void 
   322 ;; Registers used:
   323 ;;		wreg, status,2, cstack
   324 ;; Tracked objects:
   325 ;;		On entry : 0/0
   326 ;;		On exit  : 0/0
   327 ;;		Unchanged: 0/0
   328 ;; Data sizes:     COMRAM   BANK0   BANK1   BANK2   BANK3   BANK4   BANK5
   329 ;;      Params:         0       0       0       0       0       0       0
   330 ;;      Locals:         0       0       0       0       0       0       0
   331 ;;      Temps:          0       0       0       0       0       0       0
   332 ;;      Totals:         0       0       0       0       0       0       0
   333 ;;Total ram usage:        0 bytes
   334 ;; Hardware stack levels used:    1
   335 ;; Hardware stack levels required when called:    3
   336 ;; This function calls:
   337 ;;		_IO_setup
   338 ;;		_Timer_and_Interrupt_setup
   339 ;;		_all_LEDs
   340 ;; This function is called by:
   341 ;;		_main
   342 ;; This function uses a non-reentrant model
   343 ;;
   344                           
   345                           	psect	text1
   346  0002A4                     __ptext1:
   347                           	opt callstack 0
   348  0002A4                     _setup:
   349                           	opt callstack 27
   350  0002A4                     
   351                           ;setup.c: 141:     INTCONbits.GIE = 0;
   352  0002A4  9EF2               	bcf	242,7,c	;volatile
   353  0002A6                     
   354                           ;setup.c: 142:     IO_setup();
   355  0002A6  EC74  F001         	call	_IO_setup	;wreg free
   356  0002AA                     
   357                           ;setup.c: 144:     Timer_and_Interrupt_setup();
   358  0002AA  EC7C  F001         	call	_Timer_and_Interrupt_setup	;wreg free
   359  0002AE                     
   360                           ;setup.c: 145:     INTCONbits.GIE = 1;
   361  0002AE  8EF2               	bsf	242,7,c	;volatile
   362  0002B0                     
   363                           ;setup.c: 146:     INTCONbits.PEIE = 1;
   364  0002B0  8CF2               	bsf	242,6,c	;volatile
   365  0002B2                     
   366                           ;setup.c: 147:     INTCONbits.TMR0IE = 1;
   367  0002B2  8AF2               	bsf	242,5,c	;volatile
   368  0002B4                     
   369                           ;setup.c: 148:     T0CONbits.TMR0ON = 1;
   370  0002B4  8ED5               	bsf	213,7,c	;volatile
   371  0002B6                     
   372                           ;setup.c: 149:     T3CONbits.TMR3ON = 0;
   373  0002B6  90B1               	bcf	177,0,c	;volatile
   374  0002B8                     
   375                           ;setup.c: 150:     all_LEDs();
   376  0002B8  EC94  F001         	call	_all_LEDs	;wreg free
   377  0002BC  0012               	return		;funcret
   378  0002BE                     __end_of_setup:
   379                           	opt callstack 0
   380                           
   381 ;; *************** function _all_LEDs *****************
   382 ;; Defined at:
   383 ;;		line 17 in file "leds.c"
   384 ;; Parameters:    Size  Location     Type
   385 ;;		None
   386 ;; Auto vars:     Size  Location     Type
   387 ;;		None
   388 ;; Return value:  Size  Location     Type
   389 ;;                  1    wreg      void 
   390 ;; Registers used:
   391 ;;		None
   392 ;; Tracked objects:
   393 ;;		On entry : 0/0
   394 ;;		On exit  : 0/0
   395 ;;		Unchanged: 0/0
   396 ;; Data sizes:     COMRAM   BANK0   BANK1   BANK2   BANK3   BANK4   BANK5
   397 ;;      Params:         0       0       0       0       0       0       0
   398 ;;      Locals:         0       0       0       0       0       0       0
   399 ;;      Temps:          0       0       0       0       0       0       0
   400 ;;      Totals:         0       0       0       0       0       0       0
   401 ;;Total ram usage:        0 bytes
   402 ;; Hardware stack levels used:    1
   403 ;; Hardware stack levels required when called:    2
   404 ;; This function calls:
   405 ;;		Nothing
   406 ;; This function is called by:
   407 ;;		_setup
   408 ;; This function uses a non-reentrant model
   409 ;;
   410                           
   411                           	psect	text2
   412  000328                     __ptext2:
   413                           	opt callstack 0
   414  000328                     _all_LEDs:
   415                           	opt callstack 27
   416  000328  0012               	return		;funcret
   417  00032A                     __end_of_all_LEDs:
   418                           	opt callstack 0
   419                           
   420 ;; *************** function _Timer_and_Interrupt_setup *****************
   421 ;; Defined at:
   422 ;;		line 62 in file "setup.c"
   423 ;; Parameters:    Size  Location     Type
   424 ;;		None
   425 ;; Auto vars:     Size  Location     Type
   426 ;;		None
   427 ;; Return value:  Size  Location     Type
   428 ;;                  1    wreg      void 
   429 ;; Registers used:
   430 ;;		wreg, status,2
   431 ;; Tracked objects:
   432 ;;		On entry : 0/0
   433 ;;		On exit  : 0/0
   434 ;;		Unchanged: 0/0
   435 ;; Data sizes:     COMRAM   BANK0   BANK1   BANK2   BANK3   BANK4   BANK5
   436 ;;      Params:         0       0       0       0       0       0       0
   437 ;;      Locals:         0       0       0       0       0       0       0
   438 ;;      Temps:          0       0       0       0       0       0       0
   439 ;;      Totals:         0       0       0       0       0       0       0
   440 ;;Total ram usage:        0 bytes
   441 ;; Hardware stack levels used:    1
   442 ;; Hardware stack levels required when called:    2
   443 ;; This function calls:
   444 ;;		Nothing
   445 ;; This function is called by:
   446 ;;		_setup
   447 ;; This function uses a non-reentrant model
   448 ;;
   449                           
   450                           	psect	text3
   451  0002F8                     __ptext3:
   452                           	opt callstack 0
   453  0002F8                     _Timer_and_Interrupt_setup:
   454                           	opt callstack 27
   455  0002F8                     
   456                           ;setup.c: 67:     T0CON = 0b10010101;
   457  0002F8  0E95               	movlw	149
   458  0002FA  6ED5               	movwf	213,c	;volatile
   459                           
   460                           ;setup.c: 71:     OSCCON = 0b01100111;
   461  0002FC  0E67               	movlw	103
   462  0002FE  6ED3               	movwf	211,c	;volatile
   463                           
   464                           ;setup.c: 74:     T3CON = 0b00000101;
   465  000300  0E05               	movlw	5
   466  000302  6EB1               	movwf	177,c	;volatile
   467  000304  0012               	return		;funcret
   468  000306                     __end_of_Timer_and_Interrupt_setup:
   469                           	opt callstack 0
   470                           
   471 ;; *************** function _IO_setup *****************
   472 ;; Defined at:
   473 ;;		line 49 in file "setup.c"
   474 ;; Parameters:    Size  Location     Type
   475 ;;		None
   476 ;; Auto vars:     Size  Location     Type
   477 ;;		None
   478 ;; Return value:  Size  Location     Type
   479 ;;                  1    wreg      void 
   480 ;; Registers used:
   481 ;;		None
   482 ;; Tracked objects:
   483 ;;		On entry : 0/0
   484 ;;		On exit  : 0/0
   485 ;;		Unchanged: 0/0
   486 ;; Data sizes:     COMRAM   BANK0   BANK1   BANK2   BANK3   BANK4   BANK5
   487 ;;      Params:         0       0       0       0       0       0       0
   488 ;;      Locals:         0       0       0       0       0       0       0
   489 ;;      Temps:          0       0       0       0       0       0       0
   490 ;;      Totals:         0       0       0       0       0       0       0
   491 ;;Total ram usage:        0 bytes
   492 ;; Hardware stack levels used:    1
   493 ;; Hardware stack levels required when called:    2
   494 ;; This function calls:
   495 ;;		Nothing
   496 ;; This function is called by:
   497 ;;		_setup
   498 ;; This function uses a non-reentrant model
   499 ;;
   500                           
   501                           	psect	text4
   502  0002E8                     __ptext4:
   503                           	opt callstack 0
   504  0002E8                     _IO_setup:
   505                           	opt callstack 27
   506  0002E8                     
   507                           ;setup.c: 51:   TRISCbits.RC0 = 0;
   508  0002E8  9094               	bcf	148,0,c	;volatile
   509                           
   510                           ;setup.c: 52:   TRISCbits.RC1 = 1;
   511  0002EA  8294               	bsf	148,1,c	;volatile
   512                           
   513                           ;setup.c: 53:   TRISCbits.RC5 = 0;
   514  0002EC  9A94               	bcf	148,5,c	;volatile
   515                           
   516                           ;setup.c: 54:   TRISCbits.RC6 = 0;
   517  0002EE  9C94               	bcf	148,6,c	;volatile
   518                           
   519                           ;setup.c: 56:   TRISBbits.RB2 = 0;
   520  0002F0  9493               	bcf	147,2,c	;volatile
   521                           
   522                           ;setup.c: 57:   TRISBbits.RB3 = 0;
   523  0002F2  9693               	bcf	147,3,c	;volatile
   524                           
   525                           ;setup.c: 58:   TRISBbits.RB4 = 0;
   526  0002F4  9893               	bcf	147,4,c	;volatile
   527  0002F6  0012               	return		;funcret
   528  0002F8                     __end_of_IO_setup:
   529                           	opt callstack 0
   530                           
   531 ;; *************** function _heartbeat *****************
   532 ;; Defined at:
   533 ;;		line 157 in file "setup.c"
   534 ;; Parameters:    Size  Location     Type
   535 ;;		None
   536 ;; Auto vars:     Size  Location     Type
   537 ;;  bHeartState     1   13[COMRAM] unsigned char 
   538 ;; Return value:  Size  Location     Type
   539 ;;                  1    wreg      void 
   540 ;; Registers used:
   541 ;;		wreg, fsr2l, fsr2h, status,2, status,0, prodl, prodh, cstack
   542 ;; Tracked objects:
   543 ;;		On entry : 0/0
   544 ;;		On exit  : 0/0
   545 ;;		Unchanged: 0/0
   546 ;; Data sizes:     COMRAM   BANK0   BANK1   BANK2   BANK3   BANK4   BANK5
   547 ;;      Params:         0       0       0       0       0       0       0
   548 ;;      Locals:         1       0       0       0       0       0       0
   549 ;;      Temps:          0       0       0       0       0       0       0
   550 ;;      Totals:         1       0       0       0       0       0       0
   551 ;;Total ram usage:        1 bytes
   552 ;; Hardware stack levels used:    1
   553 ;; Hardware stack levels required when called:    4
   554 ;; This function calls:
   555 ;;		_bTimeUp
   556 ;;		_get_IO
   557 ;;		_get_Time
   558 ;;		_set_IO
   559 ;; This function is called by:
   560 ;;		_main
   561 ;; This function uses a non-reentrant model
   562 ;;
   563                           
   564                           	psect	text5
   565  000104                     __ptext5:
   566                           	opt callstack 0
   567  000104                     _heartbeat:
   568                           	opt callstack 26
   569  000104                     
   570                           ;setup.c: 164:     if(!nbFirst)
   571  000104  5020               	movf	heartbeat@nbFirst^0,w,c
   572  000106  A4D8               	btfss	status,2,c
   573  000108  EF88  F000         	goto	u231
   574  00010C  EF8A  F000         	goto	u230
   575  000110                     u231:
   576  000110  EF96  F000         	goto	l973
   577  000114                     u230:
   578  000114                     
   579                           ;setup.c: 165:     {;setup.c: 166:         uwStartTime = get_Time();
   580  000114  EC83  F001         	call	_get_Time	;wreg free	;volatile
   581  000118  C024  F01A         	movff	?_get_Time,heartbeat@uwStartTime
   582  00011C  C025  F01B         	movff	?_get_Time+1,heartbeat@uwStartTime+1
   583  000120                     
   584                           ;setup.c: 167:         ucOverFlow = gbTick;
   585  000120  C023  F01F         	movff	_gbTick,heartbeat@ucOverFlow
   586  000124                     
   587                           ;setup.c: 168:         nbFirst = 1;
   588  000124  0E01               	movlw	1
   589  000126  6E20               	movwf	heartbeat@nbFirst^0,c
   590                           
   591                           ;setup.c: 169:     }
   592  000128  EFC4  F000         	goto	l136
   593  00012C                     l973:
   594                           
   595                           ;setup.c: 171:     {;setup.c: 172:         if(bTimeUp(uwStartTime, 10000))
   596  00012C  C01A  F028         	movff	heartbeat@uwStartTime,bTimeUp@StartTime
   597  000130  C01B  F029         	movff	heartbeat@uwStartTime+1,bTimeUp@StartTime+1
   598  000134  0E27               	movlw	39
   599  000136  6E2B               	movwf	(bTimeUp@Period+1)^0,c
   600  000138  0E10               	movlw	16
   601  00013A  6E2A               	movwf	bTimeUp@Period^0,c
   602  00013C  ECC5  F000         	call	_bTimeUp	;wreg free
   603  000140  0900               	iorlw	0
   604  000142  B4D8               	btfsc	status,2,c
   605  000144  EFA6  F000         	goto	u241
   606  000148  EFA8  F000         	goto	u240
   607  00014C                     u241:
   608  00014C  EFC4  F000         	goto	l136
   609  000150                     u240:
   610  000150                     
   611                           ;setup.c: 173:         {;setup.c: 174:             bHeartState = get_IO(astOutputs,0);
   612  000150  0E04               	movlw	low _astOutputs
   613  000152  6E24               	movwf	get_IO@IO^0,c
   614  000154  0E00               	movlw	high _astOutputs
   615  000156  6E25               	movwf	(get_IO@IO+1)^0,c
   616  000158  0E00               	movlw	0
   617  00015A  6E26               	movwf	get_IO@item^0,c
   618  00015C  EC04  F001         	call	_get_IO	;wreg free
   619  000160  6E31               	movwf	heartbeat@bHeartState^0,c
   620                           
   621                           ;setup.c: 175:             set_IO(astOutputs,0,!bHeartState);
   622  000162  0E04               	movlw	low _astOutputs
   623  000164  6E24               	movwf	set_IO@IO^0,c
   624  000166  0E00               	movlw	high _astOutputs
   625  000168  6E25               	movwf	(set_IO@IO+1)^0,c
   626  00016A  0E00               	movlw	0
   627  00016C  6E26               	movwf	set_IO@item^0,c
   628  00016E  5031               	movf	heartbeat@bHeartState^0,w,c
   629  000170  B4D8               	btfsc	status,2,c
   630  000172  EFBD  F000         	goto	u251
   631  000176  EFC0  F000         	goto	u250
   632  00017A                     u251:
   633  00017A  0E01               	movlw	1
   634  00017C  EFC1  F000         	goto	u260
   635  000180                     u250:
   636  000180  0E00               	movlw	0
   637  000182                     u260:
   638  000182  6E27               	movwf	set_IO@bValue^0,c
   639  000184  EC20  F000         	call	_set_IO	;wreg free
   640  000188                     l136:
   641  000188  0012               	return		;funcret
   642  00018A                     __end_of_heartbeat:
   643                           	opt callstack 0
   644                           
   645 ;; *************** function _set_IO *****************
   646 ;; Defined at:
   647 ;;		line 9 in file "setup.c"
   648 ;; Parameters:    Size  Location     Type
   649 ;;  IO              2    0[COMRAM] PTR struct gstGPIO
   650 ;;		 -> astOutputs(18), 
   651 ;;  item            1    2[COMRAM] unsigned char 
   652 ;;  bValue          1    3[COMRAM] unsigned char 
   653 ;; Auto vars:     Size  Location     Type
   654 ;;  ucLocal         2    9[COMRAM] PTR volatile unsigned ch
   655 ;;		 -> LATB(1), LATC(1), PORTC(1), 
   656 ;; Return value:  Size  Location     Type
   657 ;;                  1    wreg      void 
   658 ;; Registers used:
   659 ;;		wreg, fsr2l, fsr2h, status,2, status,0, prodl, prodh
   660 ;; Tracked objects:
   661 ;;		On entry : 0/0
   662 ;;		On exit  : 0/0
   663 ;;		Unchanged: 0/0
   664 ;; Data sizes:     COMRAM   BANK0   BANK1   BANK2   BANK3   BANK4   BANK5
   665 ;;      Params:         4       0       0       0       0       0       0
   666 ;;      Locals:         2       0       0       0       0       0       0
   667 ;;      Temps:          5       0       0       0       0       0       0
   668 ;;      Totals:        11       0       0       0       0       0       0
   669 ;;Total ram usage:       11 bytes
   670 ;; Hardware stack levels used:    1
   671 ;; Hardware stack levels required when called:    2
   672 ;; This function calls:
   673 ;;		Nothing
   674 ;; This function is called by:
   675 ;;		_heartbeat
   676 ;;		_testing
   677 ;; This function uses a non-reentrant model
   678 ;;
   679                           
   680                           	psect	text6
   681  000040                     __ptext6:
   682                           	opt callstack 0
   683  000040                     _set_IO:
   684                           	opt callstack 27
   685  000040                     
   686                           ;setup.c: 9: void set_IO (struct gstGPIO *IO, unsigned char item,unsigned char bValue);s
      +                          etup.c: 10: {;setup.c: 11:     volatile unsigned char *ucLocal;;setup.c: 12:     ucLocal
      +                           = IO[item].port;
   687  000040  5026               	movf	set_IO@item^0,w,c
   688  000042  0D03               	mullw	3
   689  000044  CFF3 F028          	movff	prodl,??_set_IO
   690  000048  CFF4 F029          	movff	prodh,??_set_IO+1
   691  00004C  5028               	movf	??_set_IO^0,w,c
   692  00004E  2424               	addwf	set_IO@IO^0,w,c
   693  000050  6ED9               	movwf	fsr2l,c
   694  000052  5029               	movf	(??_set_IO+1)^0,w,c
   695  000054  2025               	addwfc	(set_IO@IO+1)^0,w,c
   696  000056  6EDA               	movwf	fsr2h,c
   697  000058  CFDE F02D          	movff	postinc2,set_IO@ucLocal
   698  00005C  CFDD F02E          	movff	postdec2,set_IO@ucLocal+1
   699  000060                     
   700                           ;setup.c: 13:     if (bValue)
   701  000060  5027               	movf	set_IO@bValue^0,w,c
   702  000062  B4D8               	btfsc	status,2,c
   703  000064  EF36  F000         	goto	u161
   704  000068  EF38  F000         	goto	u160
   705  00006C                     u161:
   706  00006C  EF5C  F000         	goto	l943
   707  000070                     u160:
   708  000070                     
   709                           ;setup.c: 14:     {;setup.c: 15:         *ucLocal |= (1 << IO[item].pin);
   710  000070  5026               	movf	set_IO@item^0,w,c
   711  000072  0D03               	mullw	3
   712  000074  C024  F028         	movff	set_IO@IO,??_set_IO
   713  000078  C025  F029         	movff	set_IO@IO+1,??_set_IO+1
   714  00007C  50F3               	movf	243,w,c
   715  00007E  2628               	addwf	??_set_IO^0,f,c
   716  000080  50F4               	movf	244,w,c
   717  000082  2229               	addwfc	(??_set_IO+1)^0,f,c
   718  000084  0E02               	movlw	2
   719  000086  2428               	addwf	??_set_IO^0,w,c
   720  000088  6ED9               	movwf	fsr2l,c
   721  00008A  0E00               	movlw	0
   722  00008C  2029               	addwfc	(??_set_IO+1)^0,w,c
   723  00008E  6EDA               	movwf	fsr2h,c
   724  000090  50DF               	movf	indf2,w,c
   725  000092  6E2A               	movwf	(??_set_IO+2)^0,c
   726  000094  0E01               	movlw	1
   727  000096  6E2B               	movwf	(??_set_IO+3)^0,c
   728  000098  2A2A               	incf	(??_set_IO+2)^0,f,c
   729  00009A  EF51  F000         	goto	u174
   730  00009E                     u175:
   731  00009E  90D8               	bcf	status,0,c
   732  0000A0  362B               	rlcf	(??_set_IO+3)^0,f,c
   733  0000A2                     u174:
   734  0000A2  2E2A               	decfsz	(??_set_IO+2)^0,f,c
   735  0000A4  EF4F  F000         	goto	u175
   736  0000A8  C02D  FFD9         	movff	set_IO@ucLocal,fsr2l
   737  0000AC  C02E  FFDA         	movff	set_IO@ucLocal+1,fsr2h
   738  0000B0  502B               	movf	(??_set_IO+3)^0,w,c
   739  0000B2  12DF               	iorwf	indf2,f,c
   740                           
   741                           ;setup.c: 16:     }
   742  0000B4  EF81  F000         	goto	l85
   743  0000B8                     l943:
   744                           
   745                           ;setup.c: 18:     {;setup.c: 19:         *ucLocal &= ~(1 << IO[item].pin);
   746  0000B8  5026               	movf	set_IO@item^0,w,c
   747  0000BA  0D03               	mullw	3
   748  0000BC  C024  F028         	movff	set_IO@IO,??_set_IO
   749  0000C0  C025  F029         	movff	set_IO@IO+1,??_set_IO+1
   750  0000C4  50F3               	movf	243,w,c
   751  0000C6  2628               	addwf	??_set_IO^0,f,c
   752  0000C8  50F4               	movf	244,w,c
   753  0000CA  2229               	addwfc	(??_set_IO+1)^0,f,c
   754  0000CC  0E02               	movlw	2
   755  0000CE  2428               	addwf	??_set_IO^0,w,c
   756  0000D0  6ED9               	movwf	fsr2l,c
   757  0000D2  0E00               	movlw	0
   758  0000D4  2029               	addwfc	(??_set_IO+1)^0,w,c
   759  0000D6  6EDA               	movwf	fsr2h,c
   760  0000D8  50DF               	movf	indf2,w,c
   761  0000DA  6E2A               	movwf	(??_set_IO+2)^0,c
   762  0000DC  0E01               	movlw	1
   763  0000DE  6E2B               	movwf	(??_set_IO+3)^0,c
   764  0000E0  2A2A               	incf	(??_set_IO+2)^0,f,c
   765  0000E2  EF75  F000         	goto	u184
   766  0000E6                     u185:
   767  0000E6  90D8               	bcf	status,0,c
   768  0000E8  362B               	rlcf	(??_set_IO+3)^0,f,c
   769  0000EA                     u184:
   770  0000EA  2E2A               	decfsz	(??_set_IO+2)^0,f,c
   771  0000EC  EF73  F000         	goto	u185
   772  0000F0  502B               	movf	(??_set_IO+3)^0,w,c
   773  0000F2  0AFF               	xorlw	255
   774  0000F4  6E2C               	movwf	(??_set_IO+4)^0,c
   775  0000F6  C02D  FFD9         	movff	set_IO@ucLocal,fsr2l
   776  0000FA  C02E  FFDA         	movff	set_IO@ucLocal+1,fsr2h
   777  0000FE  502C               	movf	(??_set_IO+4)^0,w,c
   778  000100  16DF               	andwf	indf2,f,c
   779  000102                     l85:
   780  000102  0012               	return		;funcret
   781  000104                     __end_of_set_IO:
   782                           	opt callstack 0
   783                           
   784 ;; *************** function _get_IO *****************
   785 ;; Defined at:
   786 ;;		line 24 in file "setup.c"
   787 ;; Parameters:    Size  Location     Type
   788 ;;  IO              2    0[COMRAM] PTR struct gstGPIO
   789 ;;		 -> astOutputs(18), 
   790 ;;  item            1    2[COMRAM] unsigned char 
   791 ;; Auto vars:     Size  Location     Type
   792 ;;		None
   793 ;; Return value:  Size  Location     Type
   794 ;;                  1    wreg      unsigned char 
   795 ;; Registers used:
   796 ;;		wreg, fsr2l, fsr2h, status,2, status,0, prodl, prodh
   797 ;; Tracked objects:
   798 ;;		On entry : 0/0
   799 ;;		On exit  : 0/0
   800 ;;		Unchanged: 0/0
   801 ;; Data sizes:     COMRAM   BANK0   BANK1   BANK2   BANK3   BANK4   BANK5
   802 ;;      Params:         3       0       0       0       0       0       0
   803 ;;      Locals:         0       0       0       0       0       0       0
   804 ;;      Temps:          8       0       0       0       0       0       0
   805 ;;      Totals:        11       0       0       0       0       0       0
   806 ;;Total ram usage:       11 bytes
   807 ;; Hardware stack levels used:    1
   808 ;; Hardware stack levels required when called:    2
   809 ;; This function calls:
   810 ;;		Nothing
   811 ;; This function is called by:
   812 ;;		_heartbeat
   813 ;; This function uses a non-reentrant model
   814 ;;
   815                           
   816                           	psect	text7
   817  000208                     __ptext7:
   818                           	opt callstack 0
   819  000208                     _get_IO:
   820                           	opt callstack 27
   821  000208                     
   822                           ;setup.c: 24: unsigned char get_IO (struct gstGPIO *IO, unsigned char item);setup.c: 25:
      +                           {;setup.c: 26:     return (unsigned char)((*IO[item].port >> IO[item].pin) & 0x01);
   823  000208  5026               	movf	get_IO@item^0,w,c
   824  00020A  0D03               	mullw	3
   825  00020C  C024  F027         	movff	get_IO@IO,??_get_IO
   826  000210  C025  F028         	movff	get_IO@IO+1,??_get_IO+1
   827  000214  50F3               	movf	243,w,c
   828  000216  2627               	addwf	??_get_IO^0,f,c
   829  000218  50F4               	movf	244,w,c
   830  00021A  2228               	addwfc	(??_get_IO+1)^0,f,c
   831  00021C  0E02               	movlw	2
   832  00021E  2427               	addwf	??_get_IO^0,w,c
   833  000220  6ED9               	movwf	fsr2l,c
   834  000222  0E00               	movlw	0
   835  000224  2028               	addwfc	(??_get_IO+1)^0,w,c
   836  000226  6EDA               	movwf	fsr2h,c
   837  000228  50DF               	movf	indf2,w,c
   838  00022A  6E29               	movwf	(??_get_IO+2)^0,c
   839  00022C  5026               	movf	get_IO@item^0,w,c
   840  00022E  0D03               	mullw	3
   841  000230  CFF3 F02A          	movff	prodl,??_get_IO+3
   842  000234  CFF4 F02B          	movff	prodh,??_get_IO+4
   843  000238  502A               	movf	(??_get_IO+3)^0,w,c
   844  00023A  2424               	addwf	get_IO@IO^0,w,c
   845  00023C  6ED9               	movwf	fsr2l,c
   846  00023E  502B               	movf	(??_get_IO+4)^0,w,c
   847  000240  2025               	addwfc	(get_IO@IO+1)^0,w,c
   848  000242  6EDA               	movwf	fsr2h,c
   849  000244  CFDE F02C          	movff	postinc2,??_get_IO+5
   850  000248  CFDD F02D          	movff	postdec2,??_get_IO+6
   851  00024C  C02C  FFD9         	movff	??_get_IO+5,fsr2l
   852  000250  C02D  FFDA         	movff	??_get_IO+6,fsr2h
   853  000254  50DF               	movf	indf2,w,c
   854  000256  6E2E               	movwf	(??_get_IO+7)^0,c
   855  000258  2A29               	incf	(??_get_IO+2)^0,f,c
   856  00025A  EF31  F001         	goto	u194
   857  00025E                     u195:
   858  00025E  90D8               	bcf	status,0,c
   859  000260  322E               	rrcf	(??_get_IO+7)^0,f,c
   860  000262                     u194:
   861  000262  2E29               	decfsz	(??_get_IO+2)^0,f,c
   862  000264  EF2F  F001         	goto	u195
   863  000268  502E               	movf	(??_get_IO+7)^0,w,c
   864  00026A  0B01               	andlw	1
   865  00026C  0012               	return		;funcret
   866  00026E                     __end_of_get_IO:
   867                           	opt callstack 0
   868                           
   869 ;; *************** function _bTimeUp *****************
   870 ;; Defined at:
   871 ;;		line 113 in file "setup.c"
   872 ;; Parameters:    Size  Location     Type
   873 ;;  StartTime       2    4[COMRAM] unsigned short 
   874 ;;  Period          2    6[COMRAM] unsigned short 
   875 ;; Auto vars:     Size  Location     Type
   876 ;;  CurrentTime     2   11[COMRAM] unsigned short 
   877 ;;  b               1   10[COMRAM] unsigned char 
   878 ;; Return value:  Size  Location     Type
   879 ;;                  1    wreg      unsigned char 
   880 ;; Registers used:
   881 ;;		wreg, status,2, status,0, cstack
   882 ;; Tracked objects:
   883 ;;		On entry : 0/0
   884 ;;		On exit  : 0/0
   885 ;;		Unchanged: 0/0
   886 ;; Data sizes:     COMRAM   BANK0   BANK1   BANK2   BANK3   BANK4   BANK5
   887 ;;      Params:         4       0       0       0       0       0       0
   888 ;;      Locals:         3       0       0       0       0       0       0
   889 ;;      Temps:          2       0       0       0       0       0       0
   890 ;;      Totals:         9       0       0       0       0       0       0
   891 ;;Total ram usage:        9 bytes
   892 ;; Hardware stack levels used:    1
   893 ;; Hardware stack levels required when called:    3
   894 ;; This function calls:
   895 ;;		_get_Time
   896 ;; This function is called by:
   897 ;;		_heartbeat
   898 ;; This function uses a non-reentrant model
   899 ;;
   900                           
   901                           	psect	text8
   902  00018A                     __ptext8:
   903                           	opt callstack 0
   904  00018A                     _bTimeUp:
   905                           	opt callstack 26
   906  00018A                     
   907                           ;setup.c: 114:                         unsigned short StartTime,;setup.c: 116:          
      +                                         unsigned short Period;setup.c: 118: {;setup.c: 119:     unsigned char b =
      +                           0;
   908  00018A  0E00               	movlw	0
   909  00018C  6E2E               	movwf	bTimeUp@b^0,c
   910  00018E                     
   911                           ;setup.c: 120:     unsigned short CurrentTime = get_Time();
   912  00018E  EC83  F001         	call	_get_Time	;wreg free	;volatile
   913  000192  C024  F02F         	movff	?_get_Time,bTimeUp@CurrentTime
   914  000196  C025  F030         	movff	?_get_Time+1,bTimeUp@CurrentTime+1
   915  00019A                     
   916                           ;setup.c: 122:     if (CurrentTime < StartTime)
   917  00019A  5028               	movf	bTimeUp@StartTime^0,w,c
   918  00019C  5C2F               	subwf	bTimeUp@CurrentTime^0,w,c
   919  00019E  5029               	movf	(bTimeUp@StartTime+1)^0,w,c
   920  0001A0  5830               	subwfb	(bTimeUp@CurrentTime+1)^0,w,c
   921  0001A2  B0D8               	btfsc	status,0,c
   922  0001A4  EFD6  F000         	goto	u201
   923  0001A8  EFD8  F000         	goto	u200
   924  0001AC                     u201:
   925  0001AC  EFEF  F000         	goto	l959
   926  0001B0                     u200:
   927  0001B0                     
   928                           ;setup.c: 123:     {;setup.c: 126:             if(((0xFFFF - StartTime) + CurrentTime) >
      +                          = Period)
   929  0001B0  1C28               	comf	bTimeUp@StartTime^0,w,c
   930  0001B2  6E2C               	movwf	??_bTimeUp^0,c
   931  0001B4  1C29               	comf	(bTimeUp@StartTime+1)^0,w,c
   932  0001B6  6E2D               	movwf	(??_bTimeUp+1)^0,c
   933  0001B8  502F               	movf	bTimeUp@CurrentTime^0,w,c
   934  0001BA  262C               	addwf	??_bTimeUp^0,f,c
   935  0001BC  5030               	movf	(bTimeUp@CurrentTime+1)^0,w,c
   936  0001BE  222D               	addwfc	(??_bTimeUp+1)^0,f,c
   937  0001C0  502A               	movf	bTimeUp@Period^0,w,c
   938  0001C2  5C2C               	subwf	??_bTimeUp^0,w,c
   939  0001C4  502B               	movf	(bTimeUp@Period+1)^0,w,c
   940  0001C6  582D               	subwfb	(??_bTimeUp+1)^0,w,c
   941  0001C8  A0D8               	btfss	status,0,c
   942  0001CA  EFE9  F000         	goto	u211
   943  0001CE  EFEB  F000         	goto	u210
   944  0001D2                     u211:
   945  0001D2  EF02  F001         	goto	l119
   946  0001D6                     u210:
   947  0001D6                     l957:
   948                           
   949                           ;setup.c: 127:                 {;setup.c: 128:                     b = 1;
   950  0001D6  0E01               	movlw	1
   951  0001D8  6E2E               	movwf	bTimeUp@b^0,c
   952  0001DA  EF02  F001         	goto	l119
   953  0001DE                     l959:
   954  0001DE  5028               	movf	bTimeUp@StartTime^0,w,c
   955  0001E0  5C2F               	subwf	bTimeUp@CurrentTime^0,w,c
   956  0001E2  6E2C               	movwf	??_bTimeUp^0,c
   957  0001E4  5029               	movf	(bTimeUp@StartTime+1)^0,w,c
   958  0001E6  5830               	subwfb	(bTimeUp@CurrentTime+1)^0,w,c
   959  0001E8  6E2D               	movwf	(??_bTimeUp+1)^0,c
   960  0001EA  502A               	movf	bTimeUp@Period^0,w,c
   961  0001EC  5C2C               	subwf	??_bTimeUp^0,w,c
   962  0001EE  502B               	movf	(bTimeUp@Period+1)^0,w,c
   963  0001F0  582D               	subwfb	(??_bTimeUp+1)^0,w,c
   964  0001F2  A0D8               	btfss	status,0,c
   965  0001F4  EFFE  F000         	goto	u221
   966  0001F8  EF00  F001         	goto	u220
   967  0001FC                     u221:
   968  0001FC  EF02  F001         	goto	l119
   969  000200                     u220:
   970  000200  EFEB  F000         	goto	l957
   971  000204                     l119:
   972                           
   973                           ;setup.c: 136:     return b;
   974  000204  502E               	movf	bTimeUp@b^0,w,c
   975  000206  0012               	return		;funcret
   976  000208                     __end_of_bTimeUp:
   977                           	opt callstack 0
   978                           
   979 ;; *************** function _get_Time *****************
   980 ;; Defined at:
   981 ;;		line 107 in file "setup.c"
   982 ;; Parameters:    Size  Location     Type
   983 ;;		None
   984 ;; Auto vars:     Size  Location     Type
   985 ;;		None
   986 ;; Return value:  Size  Location     Type
   987 ;;                  2    0[COMRAM] unsigned short 
   988 ;; Registers used:
   989 ;;		wreg, status,2
   990 ;; Tracked objects:
   991 ;;		On entry : 0/0
   992 ;;		On exit  : 0/0
   993 ;;		Unchanged: 0/0
   994 ;; Data sizes:     COMRAM   BANK0   BANK1   BANK2   BANK3   BANK4   BANK5
   995 ;;      Params:         2       0       0       0       0       0       0
   996 ;;      Locals:         0       0       0       0       0       0       0
   997 ;;      Temps:          2       0       0       0       0       0       0
   998 ;;      Totals:         4       0       0       0       0       0       0
   999 ;;Total ram usage:        4 bytes
  1000 ;; Hardware stack levels used:    1
  1001 ;; Hardware stack levels required when called:    2
  1002 ;; This function calls:
  1003 ;;		Nothing
  1004 ;; This function is called by:
  1005 ;;		_bTimeUp
  1006 ;;		_heartbeat
  1007 ;; This function uses a non-reentrant model
  1008 ;;
  1009                           
  1010                           	psect	text9
  1011  000306                     __ptext9:
  1012                           	opt callstack 0
  1013  000306                     _get_Time:
  1014                           	opt callstack 27
  1015  000306                     
  1016                           ;setup.c: 109:     return ((unsigned short)(TMR0H << 8) | TMR0L);
  1017  000306  50D7               	movf	215,w,c	;volatile
  1018  000308  6E26               	movwf	??_get_Time^0,c
  1019  00030A  50D6               	movf	214,w,c	;volatile
  1020  00030C  6E24               	movwf	?_get_Time^0,c
  1021  00030E  C026  F025         	movff	??_get_Time,?_get_Time+1
  1022  000312  0012               	return		;funcret
  1023  000314                     __end_of_get_Time:
  1024                           	opt callstack 0
  1025                           
  1026 ;; *************** function _clr_LEDs *****************
  1027 ;; Defined at:
  1028 ;;		line 9 in file "leds.c"
  1029 ;; Parameters:    Size  Location     Type
  1030 ;;		None
  1031 ;; Auto vars:     Size  Location     Type
  1032 ;;		None
  1033 ;; Return value:  Size  Location     Type
  1034 ;;                  1    wreg      void 
  1035 ;; Registers used:
  1036 ;;		None
  1037 ;; Tracked objects:
  1038 ;;		On entry : 0/0
  1039 ;;		On exit  : 0/0
  1040 ;;		Unchanged: 0/0
  1041 ;; Data sizes:     COMRAM   BANK0   BANK1   BANK2   BANK3   BANK4   BANK5
  1042 ;;      Params:         0       0       0       0       0       0       0
  1043 ;;      Locals:         0       0       0       0       0       0       0
  1044 ;;      Temps:          0       0       0       0       0       0       0
  1045 ;;      Totals:         0       0       0       0       0       0       0
  1046 ;;Total ram usage:        0 bytes
  1047 ;; Hardware stack levels used:    1
  1048 ;; Hardware stack levels required when called:    2
  1049 ;; This function calls:
  1050 ;;		Nothing
  1051 ;; This function is called by:
  1052 ;;		_main
  1053 ;; This function uses a non-reentrant model
  1054 ;;
  1055                           
  1056                           	psect	text10
  1057  00032A                     __ptext10:
  1058                           	opt callstack 0
  1059  00032A                     _clr_LEDs:
  1060                           	opt callstack 28
  1061  00032A  0012               	return		;funcret
  1062  00032C                     __end_of_clr_LEDs:
  1063                           	opt callstack 0
  1064                           
  1065 ;; *************** function _ISR *****************
  1066 ;; Defined at:
  1067 ;;		line 89 in file "setup.c"
  1068 ;; Parameters:    Size  Location     Type
  1069 ;;		None
  1070 ;; Auto vars:     Size  Location     Type
  1071 ;;		None
  1072 ;; Return value:  Size  Location     Type
  1073 ;;                  1    wreg      void 
  1074 ;; Registers used:
  1075 ;;		wreg, status,2, status,0, cstack
  1076 ;; Tracked objects:
  1077 ;;		On entry : 0/0
  1078 ;;		On exit  : 0/0
  1079 ;;		Unchanged: 0/0
  1080 ;; Data sizes:     COMRAM   BANK0   BANK1   BANK2   BANK3   BANK4   BANK5
  1081 ;;      Params:         0       0       0       0       0       0       0
  1082 ;;      Locals:         0       0       0       0       0       0       0
  1083 ;;      Temps:          0       0       0       0       0       0       0
  1084 ;;      Totals:         0       0       0       0       0       0       0
  1085 ;;Total ram usage:        0 bytes
  1086 ;; Hardware stack levels used:    1
  1087 ;; Hardware stack levels required when called:    1
  1088 ;; This function calls:
  1089 ;;		_clr_Timer
  1090 ;;		_clr_Timer3
  1091 ;; This function is called by:
  1092 ;;		Interrupt level 2
  1093 ;; This function uses a non-reentrant model
  1094 ;;
  1095                           
  1096                           	psect	intcode
  1097  000008                     __pintcode:
  1098                           	opt callstack 0
  1099  000008                     _ISR:
  1100                           	opt callstack 26
  1101                           
  1102                           ;incstack = 0
  1103  000008  8232               	bsf	int$flags,1,c	;set compiler interrupt flag (level 2)
  1104  00000A                     
  1105                           ;setup.c: 91:     if(TMR0IF)
  1106  00000A  A4F2               	btfss	4082,2,c	;volatile
  1107  00000C  EF0A  F000         	goto	i2u12_41
  1108  000010  EF0C  F000         	goto	i2u12_40
  1109  000014                     i2u12_41:
  1110  000014  EF10  F000         	goto	i2l907
  1111  000018                     i2u12_40:
  1112  000018                     
  1113                           ;setup.c: 92:     {;setup.c: 93:         TMR0IF = 0;
  1114  000018  94F2               	bcf	4082,2,c	;volatile
  1115  00001A                     
  1116                           ;setup.c: 94:         clr_Timer();
  1117  00001A  EC8F  F001         	call	_clr_Timer	;wreg free
  1118  00001E                     
  1119                           ;setup.c: 95:         gbTick++;
  1120  00001E  2A23               	incf	_gbTick^0,f,c
  1121  000020                     i2l907:
  1122                           
  1123                           ;setup.c: 98:     if(TMR3IF)
  1124  000020  A2A1               	btfss	4001,1,c	;volatile
  1125  000022  EF15  F000         	goto	i2u13_41
  1126  000026  EF17  F000         	goto	i2u13_40
  1127  00002A                     i2u13_41:
  1128  00002A  EF1C  F000         	goto	i2l111
  1129  00002E                     i2u13_40:
  1130  00002E                     
  1131                           ;setup.c: 99:     {;setup.c: 100:         TMR3IF = 0;
  1132  00002E  92A1               	bcf	4001,1,c	;volatile
  1133  000030                     
  1134                           ;setup.c: 101:         clr_Timer3();
  1135  000030  EC8A  F001         	call	_clr_Timer3	;wreg free
  1136  000034                     
  1137                           ;setup.c: 102:         guc_3_Tick++;
  1138  000034  2A22               	incf	_guc_3_Tick^0,f,c
  1139  000036                     
  1140                           ;setup.c: 103:         gucTestBit++;
  1141  000036  2A21               	incf	_gucTestBit^0,f,c
  1142  000038                     i2l111:
  1143  000038  9232               	bcf	int$flags,1,c	;clear compiler interrupt flag (level 2)
  1144  00003A  0011               	retfie		f
  1145  00003C                     __end_of_ISR:
  1146                           	opt callstack 0
  1147                           
  1148 ;; *************** function _clr_Timer3 *****************
  1149 ;; Defined at:
  1150 ;;		line 83 in file "setup.c"
  1151 ;; Parameters:    Size  Location     Type
  1152 ;;		None
  1153 ;; Auto vars:     Size  Location     Type
  1154 ;;		None
  1155 ;; Return value:  Size  Location     Type
  1156 ;;                  1    wreg      void 
  1157 ;; Registers used:
  1158 ;;		wreg, status,2
  1159 ;; Tracked objects:
  1160 ;;		On entry : 0/0
  1161 ;;		On exit  : 0/0
  1162 ;;		Unchanged: 0/0
  1163 ;; Data sizes:     COMRAM   BANK0   BANK1   BANK2   BANK3   BANK4   BANK5
  1164 ;;      Params:         0       0       0       0       0       0       0
  1165 ;;      Locals:         0       0       0       0       0       0       0
  1166 ;;      Temps:          0       0       0       0       0       0       0
  1167 ;;      Totals:         0       0       0       0       0       0       0
  1168 ;;Total ram usage:        0 bytes
  1169 ;; Hardware stack levels used:    1
  1170 ;; This function calls:
  1171 ;;		Nothing
  1172 ;; This function is called by:
  1173 ;;		_ISR
  1174 ;; This function uses a non-reentrant model
  1175 ;;
  1176                           
  1177                           	psect	text12
  1178  000314                     __ptext12:
  1179                           	opt callstack 0
  1180  000314                     _clr_Timer3:
  1181                           	opt callstack 26
  1182  000314                     
  1183                           ;setup.c: 85:     TMR3H = 0;
  1184  000314  0E00               	movlw	0
  1185  000316  6EB3               	movwf	179,c	;volatile
  1186                           
  1187                           ;setup.c: 86:     TMR3L = 0;
  1188  000318  0E00               	movlw	0
  1189  00031A  6EB2               	movwf	178,c	;volatile
  1190  00031C  0012               	return		;funcret
  1191  00031E                     __end_of_clr_Timer3:
  1192                           	opt callstack 0
  1193                           
  1194 ;; *************** function _clr_Timer *****************
  1195 ;; Defined at:
  1196 ;;		line 77 in file "setup.c"
  1197 ;; Parameters:    Size  Location     Type
  1198 ;;		None
  1199 ;; Auto vars:     Size  Location     Type
  1200 ;;		None
  1201 ;; Return value:  Size  Location     Type
  1202 ;;                  1    wreg      void 
  1203 ;; Registers used:
  1204 ;;		wreg, status,2
  1205 ;; Tracked objects:
  1206 ;;		On entry : 0/0
  1207 ;;		On exit  : 0/0
  1208 ;;		Unchanged: 0/0
  1209 ;; Data sizes:     COMRAM   BANK0   BANK1   BANK2   BANK3   BANK4   BANK5
  1210 ;;      Params:         0       0       0       0       0       0       0
  1211 ;;      Locals:         0       0       0       0       0       0       0
  1212 ;;      Temps:          0       0       0       0       0       0       0
  1213 ;;      Totals:         0       0       0       0       0       0       0
  1214 ;;Total ram usage:        0 bytes
  1215 ;; Hardware stack levels used:    1
  1216 ;; This function calls:
  1217 ;;		Nothing
  1218 ;; This function is called by:
  1219 ;;		_ISR
  1220 ;; This function uses a non-reentrant model
  1221 ;;
  1222                           
  1223                           	psect	text13
  1224  00031E                     __ptext13:
  1225                           	opt callstack 0
  1226  00031E                     _clr_Timer:
  1227                           	opt callstack 26
  1228  00031E                     
  1229                           ;setup.c: 79:     TMR0H = 0;
  1230  00031E  0E00               	movlw	0
  1231  000320  6ED7               	movwf	215,c	;volatile
  1232                           
  1233                           ;setup.c: 80:     TMR0L = 0;
  1234  000322  0E00               	movlw	0
  1235  000324  6ED6               	movwf	214,c	;volatile
  1236  000326  0012               	return		;funcret
  1237  000328                     __end_of_clr_Timer:
  1238                           	opt callstack 0
  1239  0000                     
  1240                           	psect	rparam
  1241  0000                     
  1242                           	psect	temp
  1243  000032                     btemp:
  1244                           	opt callstack 0
  1245  000032                     	ds	1
  1246  0000                     int$flags	set	btemp
  1247  0000                     wtemp8	set	btemp+1
  1248  0000                     ttemp5	set	btemp+1
  1249  0000                     ttemp6	set	btemp+4
  1250  0000                     ttemp7	set	btemp+8
  1251                           tosu	equ	0xFFF
  1252                           tosh	equ	0xFFE
  1253                           tosl	equ	0xFFD
  1254                           stkptr	equ	0xFFC
  1255                           pclatu	equ	0xFFB
  1256                           pclath	equ	0xFFA
  1257                           pcl	equ	0xFF9
  1258                           tblptru	equ	0xFF8
  1259                           tblptrh	equ	0xFF7
  1260                           tblptrl	equ	0xFF6
  1261                           tablat	equ	0xFF5
  1262                           prodh	equ	0xFF4
  1263                           prodl	equ	0xFF3
  1264                           indf0	equ	0xFEF
  1265                           postinc0	equ	0xFEE
  1266                           postdec0	equ	0xFED
  1267                           preinc0	equ	0xFEC
  1268                           plusw0	equ	0xFEB
  1269                           fsr0h	equ	0xFEA
  1270                           fsr0l	equ	0xFE9
  1271                           wreg	equ	0xFE8
  1272                           indf1	equ	0xFE7
  1273                           postinc1	equ	0xFE6
  1274                           postdec1	equ	0xFE5
  1275                           preinc1	equ	0xFE4
  1276                           plusw1	equ	0xFE3
  1277                           fsr1h	equ	0xFE2
  1278                           fsr1l	equ	0xFE1
  1279                           bsr	equ	0xFE0
  1280                           indf2	equ	0xFDF
  1281                           postinc2	equ	0xFDE
  1282                           postdec2	equ	0xFDD
  1283                           preinc2	equ	0xFDC
  1284                           plusw2	equ	0xFDB
  1285                           fsr2h	equ	0xFDA
  1286                           fsr2l	equ	0xFD9
  1287                           status	equ	0xFD8


Data Sizes:
    Strings     0
    Constant    0
    Data        21
    BSS         14
    Persistent  0
    Stack       0

Auto Spaces:
    Space          Size  Autos    Used
    COMRAM           94     14      49
    BANK0           160      0       0
    BANK1           256      0       0
    BANK2           256      0       0
    BANK3           256      0       0
    BANK4           256      0       0
    BANK5           256      0       0

Pointer List with Targets:

    astOutputs.port	PTR volatile unsigned char  size(2) Largest target is 1
		 -> LATB(SFR[1]), LATC(SFR[1]), PORTC(SFR[1]), 

    astInputs.port	PTR volatile unsigned char  size(2) Largest target is 1
		 -> LATB(SFR[1]), LATC(SFR[1]), PORTC(SFR[1]), 

    get_IO@IO.port	PTR volatile unsigned char  size(2) Largest target is 1
		 -> LATB(SFR[1]), LATC(SFR[1]), PORTC(SFR[1]), 

    get_IO@IO	PTR struct gstGPIO size(2) Largest target is 24
		 -> astOutputs(COMRAM[18]), 

    S49gstGPIO$port	PTR volatile unsigned char  size(2) Largest target is 1
		 -> LATB(SFR[1]), LATC(SFR[1]), PORTC(SFR[1]), 

    set_IO@IO.port	PTR volatile unsigned char  size(2) Largest target is 1
		 -> LATB(SFR[1]), LATC(SFR[1]), PORTC(SFR[1]), 

    set_IO@IO	PTR struct gstGPIO size(2) Largest target is 24
		 -> astOutputs(COMRAM[18]), 

    set_IO@ucLocal	PTR volatile unsigned char  size(2) Largest target is 1
		 -> LATB(SFR[1]), LATC(SFR[1]), PORTC(SFR[1]), 


Critical Paths under _main in COMRAM

    _main->_heartbeat
    _heartbeat->_bTimeUp
    _bTimeUp->_get_Time

Critical Paths under _ISR in COMRAM

    None.

Critical Paths under _main in BANK0

    None.

Critical Paths under _ISR in BANK0

    None.

Critical Paths under _main in BANK1

    None.

Critical Paths under _ISR in BANK1

    None.

Critical Paths under _main in BANK2

    None.

Critical Paths under _ISR in BANK2

    None.

Critical Paths under _main in BANK3

    None.

Critical Paths under _ISR in BANK3

    None.

Critical Paths under _main in BANK4

    None.

Critical Paths under _ISR in BANK4

    None.

Critical Paths under _main in BANK5

    None.

Critical Paths under _ISR in BANK5

    None.

Call Graph Tables:

 ---------------------------------------------------------------------------------
 (Depth) Function   	        Calls       Base Space   Used Autos Params    Refs
 ---------------------------------------------------------------------------------
 (0) _main                                                 0     0      0    1273
                           _clr_LEDs
                          _heartbeat
                              _setup
 ---------------------------------------------------------------------------------
 (1) _setup                                                0     0      0       0
                           _IO_setup
          _Timer_and_Interrupt_setup
                           _all_LEDs
 ---------------------------------------------------------------------------------
 (2) _all_LEDs                                             0     0      0       0
 ---------------------------------------------------------------------------------
 (2) _Timer_and_Interrupt_setup                            0     0      0       0
 ---------------------------------------------------------------------------------
 (2) _IO_setup                                             0     0      0       0
 ---------------------------------------------------------------------------------
 (1) _heartbeat                                            1     1      0    1273
                                             13 COMRAM     1     1      0
                            _bTimeUp
                             _get_IO
                           _get_Time
                             _set_IO
 ---------------------------------------------------------------------------------
 (2) _set_IO                                              11     7      4     655
                                              0 COMRAM    11     7      4
 ---------------------------------------------------------------------------------
 (2) _get_IO                                              11     8      3     240
                                              0 COMRAM    11     8      3
 ---------------------------------------------------------------------------------
 (2) _bTimeUp                                              9     5      4     354
                                              4 COMRAM     9     5      4
                           _get_Time
 ---------------------------------------------------------------------------------
 (2) _get_Time                                             4     2      2       0
                                              0 COMRAM     4     2      2
 ---------------------------------------------------------------------------------
 (1) _clr_LEDs                                             0     0      0       0
 ---------------------------------------------------------------------------------
 Estimated maximum stack depth 2
 ---------------------------------------------------------------------------------
 (Depth) Function   	        Calls       Base Space   Used Autos Params    Refs
 ---------------------------------------------------------------------------------
 (4) _ISR                                                  0     0      0       0
                          _clr_Timer
                         _clr_Timer3
 ---------------------------------------------------------------------------------
 (5) _clr_Timer3                                           0     0      0       0
 ---------------------------------------------------------------------------------
 (5) _clr_Timer                                            0     0      0       0
 ---------------------------------------------------------------------------------
 Estimated maximum stack depth 5
 ---------------------------------------------------------------------------------

 Call Graph Graphs:

 _main (ROOT)
   _clr_LEDs
   _heartbeat
     _bTimeUp
       _get_Time
     _get_IO
     _get_Time
     _set_IO
   _setup
     _IO_setup
     _Timer_and_Interrupt_setup
     _all_LEDs

 _ISR (ROOT)
   _clr_Timer
   _clr_Timer3

 Address spaces:
Name               Size   Autos  Total    Cost      Usage
BIGRAM             5FF      0       0      17        0.0%
EEDATA             100      0       0       0        0.0%
BITBANK5           100      0       0      16        0.0%
BANK5              100      0       0      14        0.0%
BITBANK4           100      0       0      12        0.0%
BANK4              100      0       0      13        0.0%
BITBANK3           100      0       0      10        0.0%
BANK3              100      0       0      11        0.0%
BITBANK2           100      0       0       8        0.0%
BANK2              100      0       0       9        0.0%
BITBANK1           100      0       0       6        0.0%
BANK1              100      0       0       7        0.0%
BITBANK0            A0      0       0       4        0.0%
BANK0               A0      0       0       5        0.0%
BITCOMRAM           5E      0       0       0        0.0%
COMRAM              5E      E      31       1       52.1%
BITSFR               0      0       0     200        0.0%
SFR                  0      0       0     200        0.0%
STACK                0      0       0       2        0.0%
NULL                 0      0       0       0        0.0%
ABS                  0      0      31      15        0.0%
DATA                 0      0      31       3        0.0%
CODE                 0      0       0       0        0.0%


Microchip Technology PIC18 Macro Assembler V2.10 build 88905656 
Symbol Table                                                                                   Fri Feb 26 22:02:44 2021

               testing@ucLocalTicks 001D                                  l11 032A  
                                l14 0328                                  l85 0102  
                                l95 02F6                                  l88 026C  
                                l98 0304                                 l121 0206  
                               l114 0312                                 l124 02BC  
                               l119 0204                                 l136 0188  
                               l841 02F8                                 l933 0306  
                               l941 0070                                 l861 02A6  
                               l951 018E                                 l943 00B8  
                               l839 02E8                                 l871 02B4  
                               l863 02AA                                 l953 019A  
                               l945 0208                                 l937 0040  
                               l873 02B6                                 l865 02AE  
                               l955 01B0                                 l939 0060  
                               l971 0124                                 l875 02B8  
                               l867 02B0                                 l859 02A4  
                               l957 01D6                                 l949 018A  
                               l973 012C                                 l965 0104  
                               l869 02B2                                 l981 02DC  
                               l959 01DE                                 l975 0150  
                               l967 0114                                 l969 0120  
                               l977 02D4                                 l979 02D8  
                               u200 01B0                                 u201 01AC  
                               u210 01D6                                 u211 01D2  
                               u220 0200                                 u221 01FC  
                               u230 0114                                 u231 0110  
                               u160 0070                                 u240 0150  
                               u161 006C                                 u241 014C  
                               u250 0180                                 u251 017A  
                               u260 0182                                 u174 00A2  
                               u175 009E                                 u184 00EA  
                               u185 00E6                                 u194 0262  
                               u195 025E                                 _ISR 0008  
                               wreg 000FE8                        __CFG_LVP$OFF 000000  
                              ?_ISR 0024                                _LATB 000F8A  
                              _LATC 000F8B                                _main 02D4  
                              fsr2h 000FDA                                indf2 000FDF  
                              fsr1l 000FE1                                fsr2l 000FD9  
                              btemp 0032                                prodh 000FF4  
                              prodl 000FF3                                start 003C  
                      ___param_bank 000000                               ??_ISR 0024  
                   __end_of_bTimeUp 0208                               ?_main 0024  
                             _T0CON 000FD5                               _T3CON 000FB1  
                             i2l101 0326                               i2l111 0038  
                             i2l104 031C                               i2l901 0018  
                             i2l911 0030                               i2l903 001A  
                             i2l913 0034                               i2l905 001E  
                             i2l915 0036                               i2l907 0020  
                             i2l909 002E                               i2l891 0314  
                             i2l889 031E                               i2l899 000A  
                             _TMR0H 000FD7                               _TMR0L 000FD6  
                             _TMR3H 000FB3                               _TMR3L 000FB2  
                             _PORTC 000F82                               _setup 02A4  
                  __end_of_IO_setup 02F8                               tablat 000FF5  
                             ttemp5 0033                               ttemp6 0036  
                             ttemp7 003A                               status 000FD8  
                             wtemp8 0033                     __initialization 026E  
                      __end_of_main 02E8                              ??_main 0032  
                     __activetblptr 000000                 heartbeat@ucOverFlow 001F  
       ??_Timer_and_Interrupt_setup 0024                  bTimeUp@CurrentTime 002F  
                            ?_setup 0024                      __CFG_WDTEN$OFF 000000  
                            _OSCCON 000FD3                    __end_of_all_LEDs 032A  
                            _TMR0IF 007F92                              _TMR3IF 007D09  
                  __end_of_clr_LEDs 032C                    __end_of_get_Time 0314  
                         ??_bTimeUp 002C                              _gbTick 0023  
                            _get_IO 0208                              clear_0 0294  
                            _set_IO 0040                        __pdataCOMRAM 0001  
                            tblptrh 000FF7                              tblptrl 000FF6  
                            tblptru 000FF8                          __accesstop 0060  
           __end_of__initialization 029A                       ___rparam_used 000001  
                     set_IO@ucLocal 002D           _Timer_and_Interrupt_setup 02F8  
                    __pcstackCOMRAM 0024                       __end_of_setup 02BE  
                         ?_IO_setup 0024                  __size_of_clr_Timer 000A  
                __size_of_heartbeat 0086                      testing@nbFirst 001C  
                           ??_setup 0024                             ?_get_IO 0024  
                        _clr_Timer3 0314                             ?_set_IO 0024  
                        ??_IO_setup 0024                           ?_all_LEDs 0024  
                        _guc_3_Tick 0022                           ?_clr_LEDs 0024  
                           i2u12_40 0018                             i2u12_41 0014  
                           i2u13_40 002E                             i2u13_41 002A  
                        _astOutputs 0004                           ?_get_Time 0024  
                        _gucTestBit 0021                   __end_of_clr_Timer 0328  
                           __Hparam 0000                             __Lparam 0000  
                 __end_of_heartbeat 018A                             _bTimeUp 018A  
                   __size_of_get_IO 0066                             __pcinit 026E  
                           __ramtop 0600                     __size_of_set_IO 00C4  
                           __ptext0 02D4                             __ptext1 02A4  
                           __ptext2 0328                             __ptext3 02F8  
                           __ptext4 02E8                             __ptext5 0104  
                           __ptext6 0040                             __ptext7 0208  
                           __ptext8 018A                             __ptext9 0306  
                         _T0CONbits 000FD5                        __size_of_ISR 0034  
                        ??_all_LEDs 0024                           _T3CONbits 000FB1  
                        ??_clr_LEDs 0024                          ??_get_Time 0026  
              end_of_initialization 029A                          get_IO@item 0026  
                           postdec1 000FE5                             postdec2 000FDD  
                           postinc0 000FEE                             postinc2 000FDE  
                       ?_clr_Timer3 0024  __size_of_Timer_and_Interrupt_setup 000E  
                         _TRISBbits 000F93                           _TRISCbits 000F94  
              heartbeat@uwStartTime 001A                       __pidataCOMRAM 02BE  
                    __end_of_get_IO 026E                      __end_of_set_IO 0104  
                 __size_of_IO_setup 0010                 start_initialization 026E  
                         _gLED_word 0016                         __end_of_ISR 003C  
               __size_of_clr_Timer3 000A                            ??_get_IO 0027  
                          ??_set_IO 0028                        set_IO@bValue 0027  
                       __pbssCOMRAM 0016                   __size_of_all_LEDs 0002  
                  heartbeat@nbFirst 0020                   __size_of_clr_LEDs 0002  
                 __size_of_get_Time 000E                          set_IO@item 0026  
                         __pintcode 0008                            ?_bTimeUp 0028  
                         _clr_Timer 031E                           _heartbeat 0104  
                         _astInputs 0001                      __size_of_setup 001A  
                        ?_clr_Timer 0024                        ??_clr_Timer3 0024  
                        ?_heartbeat 0024                            _IO_setup 02E8  
                         copy_data0 0282                  __end_of_clr_Timer3 031E  
                          __Hrparam 0000                            __Lrparam 0000  
                  __size_of_bTimeUp 007E                            bTimeUp@b 002E  
                          _all_LEDs 0328                            _clr_LEDs 032A  
              heartbeat@bHeartState 0031                            __ptext10 032A  
                          __ptext12 0314                            __ptext13 031E  
                          _get_Time 0306                    bTimeUp@StartTime 0028  
                     __size_of_main 0014                            get_IO@IO 0024  
                       ??_clr_Timer 0024                            int$flags 0032  
                       ??_heartbeat 0031          ?_Timer_and_Interrupt_setup 0024  
                        _INTCONbits 000FF2                            intlevel2 0000  
                          set_IO@IO 0024                            testing@b 001E  
 __end_of_Timer_and_Interrupt_setup 0306                       bTimeUp@Period 002A  
                 __CFG_FOSC$INTIO67 000000  
